0 info it worked if it ends with ok
1 verbose cli [ 'node', '/usr/local/bin/npm', 'install', '-g', 'ionic' ]
2 info using npm@1.4.14
3 info using node@v0.10.29
4 verbose cache add [ 'ionic', null ]
5 verbose cache add name=undefined spec="ionic" args=["ionic",null]
6 verbose parsed url { protocol: null,
6 verbose parsed url   slashes: null,
6 verbose parsed url   auth: null,
6 verbose parsed url   host: null,
6 verbose parsed url   port: null,
6 verbose parsed url   hostname: null,
6 verbose parsed url   hash: null,
6 verbose parsed url   search: null,
6 verbose parsed url   query: null,
6 verbose parsed url   pathname: 'ionic',
6 verbose parsed url   path: 'ionic',
6 verbose parsed url   href: 'ionic' }
7 silly lockFile 00d10074-ionic ionic
8 verbose lock ionic /Users/AimeTPGM/.npm/00d10074-ionic.lock
9 silly lockFile 00d10074-ionic ionic
10 silly lockFile 00d10074-ionic ionic
11 verbose addNamed [ 'ionic', '' ]
12 verbose addNamed [ null, '*' ]
13 silly lockFile 966fc04a-ionic ionic@
14 verbose lock ionic@ /Users/AimeTPGM/.npm/966fc04a-ionic.lock
15 silly addNameRange { name: 'ionic', range: '*', hasData: false }
16 verbose url raw ionic
17 verbose url resolving [ 'https://registry.npmjs.org/', './ionic' ]
18 verbose url resolved https://registry.npmjs.org/ionic
19 info trying registry request attempt 1 at 19:53:52
20 verbose etag "8GFOV4QG2QBAA3969BXXME46U"
21 http GET https://registry.npmjs.org/ionic
22 http 200 https://registry.npmjs.org/ionic
23 silly registry.get cb [ 200,
23 silly registry.get   { server: 'CouchDB/1.5.0 (Erlang OTP/R16B03)',
23 silly registry.get     etag: '"O5HUGTI77F5XZ5HSJEMAH7OW"',
23 silly registry.get     'content-type': 'application/json',
23 silly registry.get     'cache-control': 'max-age=60',
23 silly registry.get     'content-length': '442593',
23 silly registry.get     'accept-ranges': 'bytes',
23 silly registry.get     date: 'Wed, 08 Jul 2015 12:52:36 GMT',
23 silly registry.get     via: '1.1 varnish',
23 silly registry.get     age: '0',
23 silly registry.get     connection: 'keep-alive',
23 silly registry.get     'x-served-by': 'cache-sin6920-SIN',
23 silly registry.get     'x-cache': 'HIT',
23 silly registry.get     'x-cache-hits': '1',
23 silly registry.get     'x-timer': 'S1436359955.791024,VS0,VE211',
23 silly registry.get     vary: 'Accept' } ]
24 silly addNameRange number 2 { name: 'ionic', range: '*', hasData: true }
25 silly addNameRange versions [ 'ionic',
25 silly addNameRange   [ '0.9.6',
25 silly addNameRange     '0.9.8',
25 silly addNameRange     '0.9.9',
25 silly addNameRange     '0.9.10',
25 silly addNameRange     '0.9.11',
25 silly addNameRange     '0.9.12',
25 silly addNameRange     '0.9.13',
25 silly addNameRange     '0.9.14',
25 silly addNameRange     '0.9.15',
25 silly addNameRange     '0.9.16',
25 silly addNameRange     '1.0.0-beta.1',
25 silly addNameRange     '1.0.0-beta',
25 silly addNameRange     '1.0.1-beta',
25 silly addNameRange     '1.0.3-beta',
25 silly addNameRange     '1.0.4',
25 silly addNameRange     '1.0.5',
25 silly addNameRange     '1.0.6',
25 silly addNameRange     '1.0.7',
25 silly addNameRange     '1.0.8',
25 silly addNameRange     '1.0.9',
25 silly addNameRange     '1.0.10',
25 silly addNameRange     '1.0.11',
25 silly addNameRange     '1.0.12',
25 silly addNameRange     '1.0.13',
25 silly addNameRange     '1.0.14',
25 silly addNameRange     '1.0.15',
25 silly addNameRange     '1.0.16',
25 silly addNameRange     '1.0.17',
25 silly addNameRange     '1.1.0-beta1',
25 silly addNameRange     '1.1.0-beta2',
25 silly addNameRange     '1.1.0-beta3',
25 silly addNameRange     '1.1.0-beta4',
25 silly addNameRange     '1.1.0-beta5',
25 silly addNameRange     '1.1.0-beta6',
25 silly addNameRange     '1.1.0',
25 silly addNameRange     '1.1.1-beta1',
25 silly addNameRange     '1.1.1-beta2',
25 silly addNameRange     '1.1.1-beta3',
25 silly addNameRange     '1.1.1',
25 silly addNameRange     '1.1.3',
25 silly addNameRange     '1.1.4',
25 silly addNameRange     '1.1.5-beta1',
25 silly addNameRange     '1.1.5-beta2',
25 silly addNameRange     '1.1.5-beta3',
25 silly addNameRange     '1.1.5-beta4',
25 silly addNameRange     '1.1.5-beta5',
25 silly addNameRange     '1.1.5',
25 silly addNameRange     '1.1.6',
25 silly addNameRange     '1.1.7-beta1',
25 silly addNameRange     '1.1.7',
25 silly addNameRange     '1.1.8-beta1',
25 silly addNameRange     '1.1.8-beta2',
25 silly addNameRange     '1.1.8-beta3',
25 silly addNameRange     '1.1.8-beta4',
25 silly addNameRange     '1.1.8-beta5',
25 silly addNameRange     '1.1.8',
25 silly addNameRange     '1.1.9-beta1',
25 silly addNameRange     '1.1.9',
25 silly addNameRange     '1.1.10',
25 silly addNameRange     '1.1.11-beta1',
25 silly addNameRange     '1.1.11-beta2',
25 silly addNameRange     '1.1.11',
25 silly addNameRange     '1.1.12-beta1',
25 silly addNameRange     '1.1.12-beta2',
25 silly addNameRange     '1.1.12-beta3',
25 silly addNameRange     '1.1.12',
25 silly addNameRange     '1.1.13',
25 silly addNameRange     '1.1.14-beta1',
25 silly addNameRange     '1.1.14-beta2',
25 silly addNameRange     '1.1.14-beta3',
25 silly addNameRange     '1.2.0-beta1',
25 silly addNameRange     '1.2.0',
25 silly addNameRange     '1.2.1-beta1',
25 silly addNameRange     '1.2.1-beta2',
25 silly addNameRange     '1.2.1-beta3',
25 silly addNameRange     '1.2.1-beta4',
25 silly addNameRange     '1.2.1',
25 silly addNameRange     '1.2.2',
25 silly addNameRange     '1.2.3-beta1',
25 silly addNameRange     '1.2.3-beta2',
25 silly addNameRange     '1.2.3-beta3',
25 silly addNameRange     '1.2.3',
25 silly addNameRange     '1.2.4-beta1',
25 silly addNameRange     '1.2.4-beta2',
25 silly addNameRange     '1.2.4-beta3',
25 silly addNameRange     '1.2.4',
25 silly addNameRange     '1.2.5-beta1',
25 silly addNameRange     '1.2.5-beta2',
25 silly addNameRange     '1.2.5-beta3',
25 silly addNameRange     '1.2.5',
25 silly addNameRange     '1.2.6-beta1',
25 silly addNameRange     '1.2.6-beta2',
25 silly addNameRange     '1.2.6-beta3',
25 silly addNameRange     '1.2.6',
25 silly addNameRange     '1.2.7',
25 silly addNameRange     '1.2.8-beta1',
25 silly addNameRange     '1.2.8-beta2',
25 silly addNameRange     '1.2.8',
25 silly addNameRange     '1.2.9',
25 silly addNameRange     '1.2.10',
25 silly addNameRange     '1.2.11',
25 silly addNameRange     '1.2.12',
25 silly addNameRange     '1.2.13',
25 silly addNameRange     '1.2.14-beta1',
25 silly addNameRange     '1.2.14-beta2',
25 silly addNameRange     '1.2.14-beta3',
25 silly addNameRange     '1.2.14-beta4',
25 silly addNameRange     '1.2.14-beta5',
25 silly addNameRange     '1.2.14-beta6',
25 silly addNameRange     '1.2.14',
25 silly addNameRange     '1.3.0-beta1',
25 silly addNameRange     '1.3.0',
25 silly addNameRange     '1.3.1',
25 silly addNameRange     '1.3.2',
25 silly addNameRange     '1.3.3',
25 silly addNameRange     '1.3.4',
25 silly addNameRange     '1.3.5',
25 silly addNameRange     '1.3.6',
25 silly addNameRange     '1.3.7',
25 silly addNameRange     '1.3.8',
25 silly addNameRange     '1.3.9',
25 silly addNameRange     '1.3.10',
25 silly addNameRange     '1.4.0-alpha.1',
25 silly addNameRange     '1.3.11',
25 silly addNameRange     '1.3.1-1.alpha.0',
25 silly addNameRange     '1.4.0-alpha.2',
25 silly addNameRange     '1.3.12',
25 silly addNameRange     '1.3.12-beta.1',
25 silly addNameRange     '1.3.12-beta.2',
25 silly addNameRange     '1.3.13-beta.0',
25 silly addNameRange     '1.3.1-3.beta.1',
25 silly addNameRange     '1.3.1-3.beta.2',
25 silly addNameRange     '1.3.13',
25 silly addNameRange     '1.3.1-3.beta.4',
25 silly addNameRange     '1.3.14-beta',
25 silly addNameRange     '1.3.14-beta.1',
25 silly addNameRange     '1.4.0-alpha.3',
25 silly addNameRange     '1.3.14',
25 silly addNameRange     '1.4.0-alpha.4',
25 silly addNameRange     '1.4.0-alpha.5',
25 silly addNameRange     '1.3.15-beta.0',
25 silly addNameRange     '1.3.15-beta.1',
25 silly addNameRange     '1.3.15-beta.2',
25 silly addNameRange     '1.3.15-beta.3',
25 silly addNameRange     '1.3.15-beta.4',
25 silly addNameRange     '1.3.15',
25 silly addNameRange     '1.3.16',
25 silly addNameRange     '1.4.0-alpha.6',
25 silly addNameRange     '1.3.17-beta.0',
25 silly addNameRange     '1.3.17-beta.1',
25 silly addNameRange     '1.3.17-beta.2',
25 silly addNameRange     '1.3.17-beta.3',
25 silly addNameRange     '1.3.1-7.beta.4',
25 silly addNameRange     '1.3.17',
25 silly addNameRange     '1.3.18-beta.0',
25 silly addNameRange     '1.3.18-beta.1',
25 silly addNameRange     '1.3.18-beta.2',
25 silly addNameRange     '1.3.18-beta.3',
25 silly addNameRange     '1.3.18',
25 silly addNameRange     '1.3.19-beta.0',
25 silly addNameRange     '1.3.19-beta.1',
25 silly addNameRange     '1.3.19-beta.2',
25 silly addNameRange     '1.3.19-beta.3',
25 silly addNameRange     '1.3.19-beta.4',
25 silly addNameRange     '1.3.19',
25 silly addNameRange     '1.3.20',
25 silly addNameRange     '1.4.1-beta.0',
25 silly addNameRange     '1.4.0-beta.1',
25 silly addNameRange     '1.4.0-beta.2',
25 silly addNameRange     '1.4.0-beta.3',
25 silly addNameRange     '1.4.0-beta.5',
25 silly addNameRange     '1.4.0-beta.6',
25 silly addNameRange     '1.4.0-beta.7',
25 silly addNameRange     '1.3.21-beta.0',
25 silly addNameRange     '1.3.21-beta.1',
25 silly addNameRange     '1.3.21',
25 silly addNameRange     '1.3.22',
25 silly addNameRange     '1.4.0-beta.8',
25 silly addNameRange     '1.4.0-beta.9',
25 silly addNameRange     '1.4.0-beta.10',
25 silly addNameRange     '1.4.0-beta.11',
25 silly addNameRange     '1.4.0-beta.12',
25 silly addNameRange     '1.4.0-beta.13',
25 silly addNameRange     '1.4.0-beta.14',
25 silly addNameRange     '1.4.0-beta.15',
25 silly addNameRange     '1.4.0-beta.16',
25 silly addNameRange     '1.4.0-beta.17',
25 silly addNameRange     '1.4.0-beta.18',
25 silly addNameRange     '1.4.0',
25 silly addNameRange     '1.4.1',
25 silly addNameRange     '1.4.2',
25 silly addNameRange     '1.4.3',
25 silly addNameRange     '1.4.4-beta.0',
25 silly addNameRange     '1.4.4-beta.2',
25 silly addNameRange     '1.4.4',
25 silly addNameRange     '1.4.5-beta.0',
25 silly addNameRange     '1.4.5-beta.1',
25 silly addNameRange     '1.4.5-beta.2',
25 silly addNameRange     '1.4.5-beta.3',
25 silly addNameRange     '1.4.5',
25 silly addNameRange     '1.4.6-beta.0',
25 silly addNameRange     '1.4.6',
25 silly addNameRange     '1.4.7',
25 silly addNameRange     '1.4.8',
25 silly addNameRange     '1.5.0-beta.0',
25 silly addNameRange     '1.5.0-beta.1',
25 silly addNameRange     '1.5.0',
25 silly addNameRange     '1.5.1-beta.0',
25 silly addNameRange     '1.5.1-beta.1',
25 silly addNameRange     '1.5.1-beta.2',
25 silly addNameRange     '1.5.1-beta.3',
25 silly addNameRange     '1.5.1-beta.4',
25 silly addNameRange     '1.5.1',
25 silly addNameRange     '1.5.2',
25 silly addNameRange     '1.5.3',
25 silly addNameRange     '1.5.4',
25 silly addNameRange     '1.5.5',
25 silly addNameRange     '1.6.0-beta.1',
25 silly addNameRange     '1.6.0',
25 silly addNameRange     '1.6.1' ] ]
26 verbose addNamed [ 'ionic', '1.6.1' ]
27 verbose addNamed [ '1.6.1', '1.6.1' ]
28 silly lockFile b657aebc-ionic-1-6-1 ionic@1.6.1
29 verbose lock ionic@1.6.1 /Users/AimeTPGM/.npm/b657aebc-ionic-1-6-1.lock
30 silly lockFile 2eb8a8ec--npmjs-org-ionic-ionic-1-6-1-tgz https://registry.npmjs.org/ionic/-/ionic-1.6.1.tgz
31 verbose lock https://registry.npmjs.org/ionic/-/ionic-1.6.1.tgz /Users/AimeTPGM/.npm/2eb8a8ec--npmjs-org-ionic-ionic-1-6-1-tgz.lock
32 verbose addRemoteTarball [ 'https://registry.npmjs.org/ionic/-/ionic-1.6.1.tgz',
32 verbose addRemoteTarball   'a523c04601dc594bc15ff3913ec5e376ccaafb8b' ]
33 info retry fetch attempt 1 at 19:53:53
34 verbose fetch to= /var/folders/fq/7cglg4bn7qxdycq34j9tn48h0000gn/T/npm-1294-L3F26Qde/registry.npmjs.org/ionic/-/ionic-1.6.1.tgz
35 http GET https://registry.npmjs.org/ionic/-/ionic-1.6.1.tgz
36 http 200 https://registry.npmjs.org/ionic/-/ionic-1.6.1.tgz
37 silly lockFile 2eb8a8ec--npmjs-org-ionic-ionic-1-6-1-tgz https://registry.npmjs.org/ionic/-/ionic-1.6.1.tgz
38 silly lockFile 2eb8a8ec--npmjs-org-ionic-ionic-1-6-1-tgz https://registry.npmjs.org/ionic/-/ionic-1.6.1.tgz
39 silly lockFile b657aebc-ionic-1-6-1 ionic@1.6.1
40 silly lockFile b657aebc-ionic-1-6-1 ionic@1.6.1
41 silly lockFile 966fc04a-ionic ionic@
42 silly lockFile 966fc04a-ionic ionic@
43 silly resolved [ { name: 'ionic',
43 silly resolved     version: '1.6.1',
43 silly resolved     preferGlobal: true,
43 silly resolved     description: 'A tool for creating and developing Ionic Framework mobile apps.',
43 silly resolved     homepage: 'http://ionicframework.com/',
43 silly resolved     bin: { ionic: 'bin/ionic' },
43 silly resolved     scripts:
43 silly resolved      { bump: 'node lib/tasks/bumpversion',
43 silly resolved        'beta-bump': 'node lib/tasks/bumpversion --level pre --identifier beta',
43 silly resolved        'publish-release': 'node lib/tasks/bumpversion --npmPublish',
43 silly resolved        'publish-tag': 'node lib/tasks/bumpversion --level beta --npmPublishTag',
43 silly resolved        'full-release': 'node lib/tasks/bumpversion --npmInstall --git --npmPublish',
43 silly resolved        test: 'npm run jasmine',
43 silly resolved        e2e: 'jasmine-node --captureExceptions ./e2e',
43 silly resolved        jasmine: 'jasmine-node --captureExceptions  ./spec' },
43 silly resolved     keywords:
43 silly resolved      [ 'ionic',
43 silly resolved        'ionic framework',
43 silly resolved        'ionicframework',
43 silly resolved        'mobile',
43 silly resolved        'app',
43 silly resolved        'hybrid',
43 silly resolved        'cordova',
43 silly resolved        'phonegap' ],
43 silly resolved     repository:
43 silly resolved      { type: 'git',
43 silly resolved        url: 'git+https://github.com/driftyco/ionic-cli.git' },
43 silly resolved     contributors: [ [Object], [Object], [Object], [Object] ],
43 silly resolved     license: 'MIT',
43 silly resolved     dependencies:
43 silly resolved      { async: '^0.9.0',
43 silly resolved        cheerio: '^0.19.0',
43 silly resolved        'cli-table': '^0.3.1',
43 silly resolved        colors: '0.6.2',
43 silly resolved        connect: '3.1.1',
43 silly resolved        'connect-livereload': '0.5.2',
43 silly resolved        crc: '3.2.1',
43 silly resolved        'cross-spawn': '0.2.3',
43 silly resolved        'event-stream': '3.0.x',
43 silly resolved        finalhandler: '0.2.0',
43 silly resolved        'form-data': '0.1.4',
43 silly resolved        gulp: '3.8.8',
43 silly resolved        'ionic-app-lib': '0.3.3',
43 silly resolved        ncp: '0.4.2',
43 silly resolved        npm: '2.1.3',
43 silly resolved        'opbeat-ionic': '^1.1.3',
43 silly resolved        open: '0.0.5',
43 silly resolved        optimist: '0.6.0',
43 silly resolved        progress: '1.1.7',
43 silly resolved        prompt: '0.2.12',
43 silly resolved        'proxy-middleware': '^0.7.0',
43 silly resolved        q: '1.0.1',
43 silly resolved        request: '2.51.0',
43 silly resolved        semver: '^4.2.0',
43 silly resolved        'serve-static': '1.7.1',
43 silly resolved        shelljs: '0.2.6',
43 silly resolved        'tiny-lr-fork': '0.0.5',
43 silly resolved        underscore: '~1.7.0',
43 silly resolved        unzip: '0.1.9',
43 silly resolved        'vinyl-fs': '0.3.7',
43 silly resolved        xml2js: '0.4.4' },
43 silly resolved     devDependencies: { 'jasmine-node': '^1.14.5' },
43 silly resolved     gitHead: 'cfd7ea48a500a63640d503cd4ee9a8ee58645b31',
43 silly resolved     bugs: { url: 'https://github.com/driftyco/ionic-cli/issues' },
43 silly resolved     _id: 'ionic@1.6.1',
43 silly resolved     _shasum: 'a523c04601dc594bc15ff3913ec5e376ccaafb8b',
43 silly resolved     _from: 'ionic@',
43 silly resolved     _npmVersion: '2.10.1',
43 silly resolved     _nodeVersion: '0.12.4',
43 silly resolved     _npmUser: { name: 'jbavari', email: 'jbavari@gmail.com' },
43 silly resolved     dist:
43 silly resolved      { shasum: 'a523c04601dc594bc15ff3913ec5e376ccaafb8b',
43 silly resolved        tarball: 'http://registry.npmjs.org/ionic/-/ionic-1.6.1.tgz' },
43 silly resolved     maintainers: [ [Object], [Object], [Object] ],
43 silly resolved     directories: {},
43 silly resolved     _resolved: 'https://registry.npmjs.org/ionic/-/ionic-1.6.1.tgz' } ]
44 info install ionic@1.6.1 into /usr/local/lib
45 info installOne ionic@1.6.1
46 info /usr/local/lib/node_modules/ionic unbuild
47 info preuninstall ionic@1.3.22
48 info uninstall ionic@1.3.22
49 verbose true,/usr/local/lib/node_modules,/usr/local/lib/node_modules unbuild ionic@1.3.22
50 verbose /usr/local/bin,[object Object] binRoot
51 info postuninstall ionic@1.3.22
52 info /usr/local/lib/node_modules/ionic unbuild
53 info preuninstall ionic@1.3.22
54 info uninstall ionic@1.3.22
55 verbose true,/usr/local/lib/node_modules,/usr/local/lib/node_modules unbuild ionic@1.3.22
56 verbose /usr/local/bin,[object Object] binRoot
57 info postuninstall ionic@1.3.22
58 error error rolling back Error: EACCES, unlink '/usr/local/lib/node_modules/ionic'
58 error error rolling back  ionic@1.6.1 { [Error: EACCES, unlink '/usr/local/lib/node_modules/ionic']
58 error error rolling back   errno: 3,
58 error error rolling back   code: 'EACCES',
58 error error rolling back   path: '/usr/local/lib/node_modules/ionic' }
59 error Error: EACCES, unlink '/usr/local/lib/node_modules/ionic'
59 error  { [Error: EACCES, unlink '/usr/local/lib/node_modules/ionic']
59 error   errno: 3,
59 error   code: 'EACCES',
59 error   path: '/usr/local/lib/node_modules/ionic' }
60 error Please try running this command again as root/Administrator.
61 error System Darwin 14.0.0
62 error command "node" "/usr/local/bin/npm" "install" "-g" "ionic"
63 error cwd /Users/AimeTPGM/Programming/rubik
64 error node -v v0.10.29
65 error npm -v 1.4.14
66 error path /usr/local/lib/node_modules/ionic
67 error code EACCES
68 error errno 3
69 error stack Error: EACCES, unlink '/usr/local/lib/node_modules/ionic'
70 verbose exit [ 3, true ]
